2025-07-05 17:40:51 fix typo in code
2025-11-25 05:39:45 improve docs
2025-03-18 00:22:10 update configs for prod
2025-07-23 13:08:05 optimize function
2025-09-10 12:02:04 optimize function
2025-01-08 06:30:57 upgrade dependencies
2025-01-19 23:54:28 rebuild project
2025-03-29 03:54:12 remove deprecated code
2025-05-18 09:31:14 add sample data
2025-09-25 10:27:56 small refactor
2025-02-11 20:40:17 add integration tests
2025-08-21 03:14:05 cleanup code
2025-09-10 06:31:03 update logging
2025-06-09 10:02:29 fix warnings
2025-05-02 15:09:56 update deployment script
2025-11-15 05:36:42 remove deprecated code
2025-04-26 00:23:33 add tests
2025-09-22 12:19:37 add sample data
2025-07-23 03:49:39 update deployment script
2025-12-23 18:58:13 fix warnings
2025-01-29 08:18:40 enhance logging
2025-12-08 21:25:52 add helper function
2025-12-17 22:16:22 small refactor
